VeriLogger Pro simulation log created at Wed Apr 26 17:07:03 2017
Beginning Compile
Beginning Phase I
Compiling source file: C:\Users\Mostafa\Desktop\CAproject\tst.v
Compiling source file: C:\Users\Mostafa\Desktop\CAproject\rf.v
Compiling source file: C:\Users\Mostafa\Desktop\CAproject\MIPSprocessor.v
Compiling source file: C:\Users\Mostafa\Desktop\CAproject\MEM.v
Compiling source file: C:\Users\Mostafa\Desktop\CAproject\ALU.v
Finished Phase I
Entering Phase II...
Compiling auto-generated top level module file: C:\Users\Mostafa\Desktop\CAproject\untitledTim.v
Finished Phase II
Entering Phase III...
Finished Phase III
Highest level modules:   mux,    adder,    syncad_top, 
Finding handle to syncad_top.tst.clk
Compile Complete
.
Running...
data.txt: L5: warning: Number of words read is not the number of words expected
PC=00000000000000000000000000000000
decode rs = xxxxx rt = xxxxx control = zzzzzzzzzz
Execute rd=xxxxx rt=xxxxx ALUResult=xxxxxxxxxxxxxxxxxxxxxxxxxxxxxxxx zero=x branchPC=xxxxxxxxxxxxxxxxxxxxxxxxxxxxxxxx Extended=xxxxxxxxxxxxxxxxxxxxxxxxxxxxxxxx
WB  PCsrc=x
WB  writeData=xxxxxxxxxxxxxxxxxxxxxxxxxxxxxxxx writeRegister= x regWrite=x
time=                   0 clk=1
time=                 400 clk=0
PC=00000000000000000000000000000100
decode rs = xxxxx rt = xxxxx control = xxxxxxxxxx
Execute rd=zzzzz rt=zzzzz ALUResult=xxxxxxxxxxxxxxxxxxxxxxxxxxxxxxxx zero=0 branchPC=xxxxxxxxxxxxxxxxxxxxxxxxxxxxxxxx Extended=zzzzzzzzzzzzzzzzzzzzzzzzzzzzzzzz
WB  PCsrc=x
WB  writeData=xxxxxxxxxxxxxxxxxxxxxxxxxxxxxxxx writeRegister= z regWrite=z
time=                 800 clk=1
time=                1200 clk=0
PC=00000000000000000000000000001000
decode rs = 00000 rt = 01000 control = 0000000011
Execute rd=xxxxx rt=xxxxx ALUResult=xxxxxxxxxxxxxxxxxxxxxxxxxxxxxxxx zero=0 branchPC=xxxxxxxxxxxxxxxxxxxxxxxxxxxxxxxx Extended=xxxxxxxxxxxxxxxxxxxxxxxxxxxxxxxx
WB  PCsrc=0
WB  writeData=xxxxxxxxxxxxxxxxxxxxxxxxxxxxxxxx writeRegister= z regWrite=z
time=                1600 clk=1
time=                2000 clk=0
PC=00000000000000000000000000001100
decode rs = 00000 rt = 00000 control = 1000101001
Execute rd=00000 rt=01000 ALUResult=00000000000000000000000000000010 zero=0 branchPC=00000000000000000000000000001100 Extended=00000000000000000000000000000010
WB  PCsrc=0
WB  writeData=xxxxxxxxxxxxxxxxxxxxxxxxxxxxxxxx writeRegister= x regWrite=z
time=                2400 clk=1
time=                2800 clk=0
PC=00000000000000000000000000010000
decode rs = 00000 rt = 00000 control = 1000101001
Execute rd=00000 rt=00000 ALUResult=00000000000000000000000000000000 zero=1 branchPC=00000000000000000000000000001000 Extended=00000000000000000000000000000000
WB  PCsrc=0
WB  writeData=xxxxxxxxxxxxxxxxxxxxxxxxxxxxxxxx writeRegister= x regWrite=x
time=                3200 clk=1
time=                3600 clk=0
PC=00000000000000000000000000010100
decode rs = 00000 rt = 00000 control = 1000101001
Execute rd=00000 rt=00000 ALUResult=00000000000000000000000000000000 zero=1 branchPC=00000000000000000000000000001100 Extended=00000000000000000000000000000000
WB  PCsrc=0
WB  writeData=00000000000000000000000000000010 writeRegister= 8 regWrite=1
time=                4000 clk=1
time=                4400 clk=0
PC=00000000000000000000000000011000
decode rs = 00000 rt = 01000 control = 1000101001
Execute rd=00000 rt=00000 ALUResult=00000000000000000000000000000000 zero=1 branchPC=00000000000000000000000000010000 Extended=00000000000000000000000000000000
WB  PCsrc=0
WB  writeData=00000000000000000000000000000000 writeRegister= 0 regWrite=1
time=                4800 clk=1
time=                5200 clk=0
PC=00000000000000000000000000011100
decode rs = xxxxx rt = xxxxx control = 1000101001
Execute rd=01000 rt=01000 ALUResult=00000000000000000000000000001000 zero=0 branchPC=00000000000000010000001000010100 Extended=00000000000000000100000010000000
WB  PCsrc=0
WB  writeData=00000000000000000000000000000000 writeRegister= 0 regWrite=1
time=                5600 clk=1
time=                6000 clk=0
PC=00000000000000000000000000100000
decode rs = xxxxx rt = xxxxx control = 1000101001
Execute rd=xxxxx rt=xxxxx ALUResult=xxxxxxxxxxxxxxxxxxxxxxxxxxxxxxxx zero=0 branchPC=xxxxxxxxxxxxxxxxxxxxxxxxxxxxxxxx Extended=xxxxxxxxxxxxxxxxxxxxxxxxxxxxxxxx
WB  PCsrc=0
WB  writeData=00000000000000000000000000000000 writeRegister= 0 regWrite=1
time=                6400 clk=1
time=                6800 clk=0
PC=00000000000000000000000000100100
decode rs = xxxxx rt = xxxxx control = 1000101001
Execute rd=xxxxx rt=xxxxx ALUResult=xxxxxxxxxxxxxxxxxxxxxxxxxxxxxxxx zero=0 branchPC=xxxxxxxxxxxxxxxxxxxxxxxxxxxxxxxx Extended=xxxxxxxxxxxxxxxxxxxxxxxxxxxxxxxx
WB  PCsrc=0
WB  writeData=00000000000000000000000000001000 writeRegister= 8 regWrite=1
time=                7200 clk=1
time=                7600 clk=0
PC=00000000000000000000000000101000
decode rs = xxxxx rt = xxxxx control = 1000101001
Execute rd=xxxxx rt=xxxxx ALUResult=xxxxxxxxxxxxxxxxxxxxxxxxxxxxxxxx zero=0 branchPC=xxxxxxxxxxxxxxxxxxxxxxxxxxxxxxxx Extended=xxxxxxxxxxxxxxxxxxxxxxxxxxxxxxxx
WB  PCsrc=0
WB  writeData=xxxxxxxxxxxxxxxxxxxxxxxxxxxxxxxx writeRegister= x regWrite=1
time=                8000 clk=1
time=                8400 clk=0
PC=00000000000000000000000000101100
decode rs = xxxxx rt = xxxxx control = 1000101001
Execute rd=xxxxx rt=xxxxx ALUResult=xxxxxxxxxxxxxxxxxxxxxxxxxxxxxxxx zero=0 branchPC=xxxxxxxxxxxxxxxxxxxxxxxxxxxxxxxx Extended=xxxxxxxxxxxxxxxxxxxxxxxxxxxxxxxx
WB  PCsrc=0
WB  writeData=xxxxxxxxxxxxxxxxxxxxxxxxxxxxxxxx writeRegister= x regWrite=1
time=                8800 clk=1
time=                9200 clk=0
PC=00000000000000000000000000110000
decode rs = xxxxx rt = xxxxx control = 1000101001
Execute rd=xxxxx rt=xxxxx ALUResult=xxxxxxxxxxxxxxxxxxxxxxxxxxxxxxxx zero=0 branchPC=xxxxxxxxxxxxxxxxxxxxxxxxxxxxxxxx Extended=xxxxxxxxxxxxxxxxxxxxxxxxxxxxxxxx
WB  PCsrc=0
WB  writeData=xxxxxxxxxxxxxxxxxxxxxxxxxxxxxxxx writeRegister= x regWrite=1
time=                9600 clk=1
time=               10000 clk=0
PC=00000000000000000000000000110100
decode rs = xxxxx rt = xxxxx control = 1000101001
Execute rd=xxxxx rt=xxxxx ALUResult=xxxxxxxxxxxxxxxxxxxxxxxxxxxxxxxx zero=0 branchPC=xxxxxxxxxxxxxxxxxxxxxxxxxxxxxxxx Extended=xxxxxxxxxxxxxxxxxxxxxxxxxxxxxxxx
WB  PCsrc=0
WB  writeData=xxxxxxxxxxxxxxxxxxxxxxxxxxxxxxxx writeRegister= x regWrite=1
time=               10400 clk=1
time=               10800 clk=0
PC=00000000000000000000000000111000
decode rs = xxxxx rt = xxxxx control = 1000101001
Execute rd=xxxxx rt=xxxxx ALUResult=xxxxxxxxxxxxxxxxxxxxxxxxxxxxxxxx zero=0 branchPC=xxxxxxxxxxxxxxxxxxxxxxxxxxxxxxxx Extended=xxxxxxxxxxxxxxxxxxxxxxxxxxxxxxxx
WB  PCsrc=0
WB  writeData=xxxxxxxxxxxxxxxxxxxxxxxxxxxxxxxx writeRegister= x regWrite=1
time=               11200 clk=1
time=               11600 clk=0
PC=00000000000000000000000000111100
decode rs = xxxxx rt = xxxxx control = 1000101001
Execute rd=xxxxx rt=xxxxx ALUResult=xxxxxxxxxxxxxxxxxxxxxxxxxxxxxxxx zero=0 branchPC=xxxxxxxxxxxxxxxxxxxxxxxxxxxxxxxx Extended=xxxxxxxxxxxxxxxxxxxxxxxxxxxxxxxx
WB  PCsrc=0
WB  writeData=xxxxxxxxxxxxxxxxxxxxxxxxxxxxxxxx writeRegister= x regWrite=1
time=               12000 clk=1
time=               12400 clk=0
PC=00000000000000000000000001000000
decode rs = xxxxx rt = xxxxx control = 1000101001
Execute rd=xxxxx rt=xxxxx ALUResult=xxxxxxxxxxxxxxxxxxxxxxxxxxxxxxxx zero=0 branchPC=xxxxxxxxxxxxxxxxxxxxxxxxxxxxxxxx Extended=xxxxxxxxxxxxxxxxxxxxxxxxxxxxxxxx
WB  PCsrc=0
WB  writeData=xxxxxxxxxxxxxxxxxxxxxxxxxxxxxxxx writeRegister= x regWrite=1
time=               12800 clk=1
time=               13200 clk=0
PC=00000000000000000000000001000100
decode rs = xxxxx rt = xxxxx control = 1000101001
Execute rd=xxxxx rt=xxxxx ALUResult=xxxxxxxxxxxxxxxxxxxxxxxxxxxxxxxx zero=0 branchPC=xxxxxxxxxxxxxxxxxxxxxxxxxxxxxxxx Extended=xxxxxxxxxxxxxxxxxxxxxxxxxxxxxxxx
WB  PCsrc=0
WB  writeData=xxxxxxxxxxxxxxxxxxxxxxxxxxxxxxxx writeRegister= x regWrite=1
time=               13600 clk=1
time=               14000 clk=0
PC=00000000000000000000000001001000
decode rs = xxxxx rt = xxxxx control = 1000101001
Execute rd=xxxxx rt=xxxxx ALUResult=xxxxxxxxxxxxxxxxxxxxxxxxxxxxxxxx zero=0 branchPC=xxxxxxxxxxxxxxxxxxxxxxxxxxxxxxxx Extended=xxxxxxxxxxxxxxxxxxxxxxxxxxxxxxxx
WB  PCsrc=0
WB  writeData=xxxxxxxxxxxxxxxxxxxxxxxxxxxxxxxx writeRegister= x regWrite=1
time=               14400 clk=1
time=               14800 clk=0
Exiting VeriLogger Pro at simulation time 15000000
0 Errors, 1 Warning
Compile time = 0.01900, Load time = 1.03500, Execution time = 1.43400

Normal exit
